<?xml version='1.0'?>
<ns2:test-suite xmlns:ns2='urn:model.allure.qatools.yandex.ru' start='1587014880746' stop='1587014883800'>
    <name>log into account : </name>
    <title>log into account : </title>
    <test-cases>
        <test-case start='1587014880747' status='passed' stop='1587014881564'>
            <name>enter username</name>
            <title>enter username</title>
            <labels>
                <label name='language' value='javascript'/>
                <label name='framework' value='wdio'/>
                <label name='thread' value='0-0'/>
            </labels>
            <parameters>
                <parameter kind='argument' name='browser' value='Chrome-19.2.0'/>
            </parameters>
            <steps/>
            <attachments/>
        </test-case>
        <test-case start='1587014881564' status='passed' stop='1587014881655'>
            <name>enter password</name>
            <title>enter password</title>
            <labels>
                <label name='language' value='javascript'/>
                <label name='framework' value='wdio'/>
                <label name='thread' value='0-0'/>
            </labels>
            <parameters>
                <parameter kind='argument' name='browser' value='Chrome-19.2.0'/>
            </parameters>
            <steps/>
            <attachments/>
        </test-case>
        <test-case start='1587014881656' status='passed' stop='1587014881765'>
            <name>click on Log in button</name>
            <title>click on Log in button</title>
            <labels>
                <label name='language' value='javascript'/>
                <label name='framework' value='wdio'/>
                <label name='thread' value='0-0'/>
            </labels>
            <parameters>
                <parameter kind='argument' name='browser' value='Chrome-19.2.0'/>
            </parameters>
            <steps/>
            <attachments/>
        </test-case>
        <test-case start='1587014881766' status='passed' stop='1587014883799'>
            <name>verify error message</name>
            <title>verify error message</title>
            <labels>
                <label name='language' value='javascript'/>
                <label name='framework' value='wdio'/>
                <label name='thread' value='0-0'/>
            </labels>
            <parameters>
                <parameter kind='argument' name='browser' value='Chrome-19.2.0'/>
            </parameters>
            <steps/>
            <attachments/>
        </test-case>
        <test-case start='1587014883799' status='pending' stop='1587014883799'>
            <name>should clear all fields</name>
            <title>should clear all fields</title>
            <labels/>
            <parameters/>
            <steps/>
            <attachments/>
            <failure>
                <message>Test ignored</message>
                <stack-trace>undefined</stack-trace>
            </failure>
        </test-case>
        <test-case start='1587014883799' status='pending' stop='1587014883799'>
            <name>should wait for the button be disabled</name>
            <title>should wait for the button be disabled</title>
            <labels/>
            <parameters/>
            <steps/>
            <attachments/>
            <failure>
                <message>Test ignored</message>
                <stack-trace>undefined</stack-trace>
            </failure>
        </test-case>
        <test-case start='1587014883799' status='pending' stop='1587014883799'>
            <name>should wait for the button be enabled</name>
            <title>should wait for the button be enabled</title>
            <labels/>
            <parameters/>
            <steps/>
            <attachments/>
            <failure>
                <message>Test ignored</message>
                <stack-trace>undefined</stack-trace>
            </failure>
        </test-case>
    </test-cases>
</ns2:test-suite>